{"/Users/markmurray/apps/react-slack-feedback/src/feedback.js": {"path":"/Users/markmurray/apps/react-slack-feedback/src/feedback.js","statementMap":{"0":{"start":{"line":28,"column":14},"end":{"line":28,"column":48}},"1":{"start":{"line":29,"column":17},"end":{"line":29,"column":54}},"2":{"start":{"line":33,"column":4},"end":{"line":33,"column":17}},"3":{"start":{"line":35,"column":4},"end":{"line":43,"column":6}},"4":{"start":{"line":47,"column":4},"end":{"line":51,"column":5}},"5":{"start":{"line":48,"column":6},"end":{"line":48,"column":19}},"6":{"start":{"line":50,"column":6},"end":{"line":50,"column":22}},"7":{"start":{"line":55,"column":4},"end":{"line":57,"column":8}},"8":{"start":{"line":55,"column":35},"end":{"line":57,"column":5}},"9":{"start":{"line":59,"column":4},"end":{"line":59,"column":64}},"10":{"start":{"line":63,"column":4},"end":{"line":63,"column":39}},"11":{"start":{"line":63,"column":32},"end":{"line":63,"column":39}},"12":{"start":{"line":65,"column":4},"end":{"line":67,"column":5}},"13":{"start":{"line":66,"column":6},"end":{"line":66,"column":19}},"14":{"start":{"line":71,"column":4},"end":{"line":73,"column":7}},"15":{"start":{"line":75,"column":4},"end":{"line":75,"column":67}},"16":{"start":{"line":79,"column":4},"end":{"line":81,"column":8}},"17":{"start":{"line":79,"column":36},"end":{"line":81,"column":5}},"18":{"start":{"line":84,"column":23},"end":{"line":88,"column":3}},"19":{"start":{"line":85,"column":4},"end":{"line":87,"column":7}},"20":{"start":{"line":91,"column":4},"end":{"line":104,"column":6}},"21":{"start":{"line":99,"column":8},"end":{"line":99,"column":32}},"22":{"start":{"line":100,"column":8},"end":{"line":102,"column":35}},"23":{"start":{"line":101,"column":10},"end":{"line":101,"column":41}},"24":{"start":{"line":108,"column":4},"end":{"line":118,"column":6}},"25":{"start":{"line":114,"column":8},"end":{"line":116,"column":36}},"26":{"start":{"line":115,"column":10},"end":{"line":115,"column":41}},"27":{"start":{"line":122,"column":4},"end":{"line":122,"column":41}},"28":{"start":{"line":122,"column":14},"end":{"line":122,"column":41}},"29":{"start":{"line":123,"column":4},"end":{"line":123,"column":44}},"30":{"start":{"line":123,"column":33},"end":{"line":123,"column":44}},"31":{"start":{"line":125,"column":4},"end":{"line":138,"column":5}},"32":{"start":{"line":127,"column":8},"end":{"line":127,"column":30}},"33":{"start":{"line":129,"column":8},"end":{"line":129,"column":28}},"34":{"start":{"line":131,"column":8},"end":{"line":131,"column":36}},"35":{"start":{"line":133,"column":8},"end":{"line":133,"column":38}},"36":{"start":{"line":135,"column":8},"end":{"line":135,"column":31}},"37":{"start":{"line":137,"column":8},"end":{"line":137,"column":35}},"38":{"start":{"line":142,"column":45},"end":{"line":142,"column":55}},"39":{"start":{"line":143,"column":18},"end":{"line":143,"column":36}},"40":{"start":{"line":146,"column":4},"end":{"line":148,"column":7}},"41":{"start":{"line":151,"column":4},"end":{"line":151,"column":61}},"42":{"start":{"line":151,"column":17},"end":{"line":151,"column":61}},"43":{"start":{"line":154,"column":4},"end":{"line":167,"column":5}},"44":{"start":{"line":156,"column":8},"end":{"line":156,"column":25}},"45":{"start":{"line":157,"column":8},"end":{"line":157,"column":14}},"46":{"start":{"line":159,"column":8},"end":{"line":159,"column":23}},"47":{"start":{"line":160,"column":8},"end":{"line":160,"column":14}},"48":{"start":{"line":162,"column":8},"end":{"line":162,"column":26}},"49":{"start":{"line":163,"column":8},"end":{"line":163,"column":14}},"50":{"start":{"line":165,"column":8},"end":{"line":165,"column":26}},"51":{"start":{"line":166,"column":8},"end":{"line":166,"column":14}},"52":{"start":{"line":169,"column":20},"end":{"line":184,"column":5}},"53":{"start":{"line":187,"column":4},"end":{"line":187,"column":64}},"54":{"start":{"line":187,"column":19},"end":{"line":187,"column":64}},"55":{"start":{"line":190,"column":4},"end":{"line":190,"column":44}},"56":{"start":{"line":194,"column":22},"end":{"line":194,"column":34}},"57":{"start":{"line":196,"column":17},"end":{"line":196,"column":25}},"58":{"start":{"line":197,"column":4},"end":{"line":197,"column":52}},"59":{"start":{"line":199,"column":4},"end":{"line":207,"column":6}},"60":{"start":{"line":205,"column":8},"end":{"line":205,"column":50}},"61":{"start":{"line":211,"column":23},"end":{"line":211,"column":47}},"62":{"start":{"line":213,"column":4},"end":{"line":215,"column":5}},"63":{"start":{"line":214,"column":6},"end":{"line":214,"column":25}},"64":{"start":{"line":217,"column":4},"end":{"line":229,"column":6}},"65":{"start":{"line":223,"column":8},"end":{"line":223,"column":27}},"66":{"start":{"line":225,"column":8},"end":{"line":227,"column":36}},"67":{"start":{"line":226,"column":10},"end":{"line":226,"column":41}},"68":{"start":{"line":233,"column":4},"end":{"line":239,"column":5}},"69":{"start":{"line":234,"column":6},"end":{"line":236,"column":8}},"70":{"start":{"line":237,"column":6},"end":{"line":237,"column":25}},"71":{"start":{"line":238,"column":6},"end":{"line":238,"column":13}},"72":{"start":{"line":244,"column":4},"end":{"line":250,"column":8}},"73":{"start":{"line":244,"column":34},"end":{"line":250,"column":5}},"74":{"start":{"line":254,"column":4},"end":{"line":256,"column":5}},"75":{"start":{"line":255,"column":6},"end":{"line":255,"column":39}},"76":{"start":{"line":258,"column":4},"end":{"line":272,"column":6}},"77":{"start":{"line":269,"column":29},"end":{"line":269,"column":52}},"78":{"start":{"line":276,"column":4},"end":{"line":276,"column":38}},"79":{"start":{"line":276,"column":15},"end":{"line":276,"column":38}},"80":{"start":{"line":278,"column":4},"end":{"line":281,"column":7}},"81":{"start":{"line":285,"column":38},"end":{"line":285,"column":48}},"82":{"start":{"line":287,"column":4},"end":{"line":287,"column":36}},"83":{"start":{"line":287,"column":24},"end":{"line":287,"column":36}},"84":{"start":{"line":289,"column":4},"end":{"line":303,"column":6}},"85":{"start":{"line":315,"column":8},"end":{"line":315,"column":18}},"86":{"start":{"line":318,"column":24},"end":{"line":318,"column":77}},"87":{"start":{"line":320,"column":21},"end":{"line":320,"column":36}},"88":{"start":{"line":322,"column":4},"end":{"line":322,"column":35}},"89":{"start":{"line":322,"column":14},"end":{"line":322,"column":35}},"90":{"start":{"line":323,"column":4},"end":{"line":323,"column":61}},"91":{"start":{"line":323,"column":26},"end":{"line":323,"column":61}},"92":{"start":{"line":324,"column":4},"end":{"line":324,"column":34}},"93":{"start":{"line":324,"column":15},"end":{"line":324,"column":34}},"94":{"start":{"line":327,"column":4},"end":{"line":327,"column":41}},"95":{"start":{"line":327,"column":29},"end":{"line":327,"column":41}},"96":{"start":{"line":329,"column":18},"end":{"line":329,"column":59}},"97":{"start":{"line":331,"column":4},"end":{"line":416,"column":6}},"98":{"start":{"line":335,"column":12},"end":{"line":335,"column":35}},"99":{"start":{"line":341,"column":14},"end":{"line":341,"column":33}},"100":{"start":{"line":363,"column":18},"end":{"line":371,"column":23}},"101":{"start":{"line":378,"column":18},"end":{"line":378,"column":35}},"102":{"start":{"line":420,"column":29},"end":{"line":424,"column":1}},"103":{"start":{"line":426,"column":0},"end":{"line":448,"column":2}},"104":{"start":{"line":450,"column":13},"end":{"line":450,"column":21}},"105":{"start":{"line":453,"column":2},"end":{"line":455,"column":9}},"106":{"start":{"line":459,"column":2},"end":{"line":461,"column":9}},"107":{"start":{"line":464,"column":0},"end":{"line":480,"column":2}},"108":{"start":{"line":482,"column":0},"end":{"line":482,"column":42}}},"fnMap":{"0":{"name":"(anonymous_0)","decl":{"start":{"line":32,"column":2},"end":{"line":32,"column":3}},"loc":{"start":{"line":32,"column":21},"end":{"line":44,"column":3}},"line":32},"1":{"name":"(anonymous_1)","decl":{"start":{"line":46,"column":11},"end":{"line":46,"column":12}},"loc":{"start":{"line":46,"column":17},"end":{"line":52,"column":3}},"line":46},"2":{"name":"(anonymous_2)","decl":{"start":{"line":54,"column":13},"end":{"line":54,"column":14}},"loc":{"start":{"line":54,"column":19},"end":{"line":60,"column":3}},"line":54},"3":{"name":"(anonymous_3)","decl":{"start":{"line":55,"column":18},"end":{"line":55,"column":19}},"loc":{"start":{"line":55,"column":35},"end":{"line":57,"column":5}},"line":55},"4":{"name":"(anonymous_4)","decl":{"start":{"line":62,"column":23},"end":{"line":62,"column":24}},"loc":{"start":{"line":62,"column":32},"end":{"line":68,"column":3}},"line":62},"5":{"name":"(anonymous_5)","decl":{"start":{"line":70,"column":10},"end":{"line":70,"column":11}},"loc":{"start":{"line":70,"column":16},"end":{"line":76,"column":3}},"line":70},"6":{"name":"(anonymous_6)","decl":{"start":{"line":78,"column":18},"end":{"line":78,"column":19}},"loc":{"start":{"line":78,"column":24},"end":{"line":82,"column":3}},"line":78},"7":{"name":"(anonymous_7)","decl":{"start":{"line":79,"column":18},"end":{"line":79,"column":19}},"loc":{"start":{"line":79,"column":36},"end":{"line":81,"column":5}},"line":79},"8":{"name":"(anonymous_8)","decl":{"start":{"line":84,"column":15},"end":{"line":84,"column":16}},"loc":{"start":{"line":84,"column":23},"end":{"line":88,"column":3}},"line":84},"9":{"name":"(anonymous_9)","decl":{"start":{"line":84,"column":23},"end":{"line":84,"column":24}},"loc":{"start":{"line":84,"column":29},"end":{"line":88,"column":3}},"line":84},"10":{"name":"(anonymous_10)","decl":{"start":{"line":90,"column":9},"end":{"line":90,"column":10}},"loc":{"start":{"line":90,"column":15},"end":{"line":105,"column":3}},"line":90},"11":{"name":"(anonymous_11)","decl":{"start":{"line":98,"column":6},"end":{"line":98,"column":7}},"loc":{"start":{"line":98,"column":12},"end":{"line":103,"column":7}},"line":98},"12":{"name":"(anonymous_12)","decl":{"start":{"line":100,"column":19},"end":{"line":100,"column":20}},"loc":{"start":{"line":100,"column":25},"end":{"line":102,"column":9}},"line":100},"13":{"name":"(anonymous_13)","decl":{"start":{"line":107,"column":10},"end":{"line":107,"column":11}},"loc":{"start":{"line":107,"column":17},"end":{"line":119,"column":3}},"line":107},"14":{"name":"(anonymous_14)","decl":{"start":{"line":113,"column":6},"end":{"line":113,"column":7}},"loc":{"start":{"line":113,"column":12},"end":{"line":117,"column":7}},"line":113},"15":{"name":"(anonymous_15)","decl":{"start":{"line":114,"column":19},"end":{"line":114,"column":20}},"loc":{"start":{"line":114,"column":25},"end":{"line":116,"column":9}},"line":114},"16":{"name":"(anonymous_16)","decl":{"start":{"line":121,"column":23},"end":{"line":121,"column":24}},"loc":{"start":{"line":121,"column":30},"end":{"line":139,"column":3}},"line":121},"17":{"name":"(anonymous_17)","decl":{"start":{"line":141,"column":9},"end":{"line":141,"column":10}},"loc":{"start":{"line":141,"column":15},"end":{"line":191,"column":3}},"line":141},"18":{"name":"(anonymous_18)","decl":{"start":{"line":193,"column":16},"end":{"line":193,"column":17}},"loc":{"start":{"line":193,"column":25},"end":{"line":208,"column":3}},"line":193},"19":{"name":"(anonymous_19)","decl":{"start":{"line":204,"column":6},"end":{"line":204,"column":7}},"loc":{"start":{"line":204,"column":12},"end":{"line":206,"column":7}},"line":204},"20":{"name":"(anonymous_20)","decl":{"start":{"line":210,"column":16},"end":{"line":210,"column":17}},"loc":{"start":{"line":210,"column":23},"end":{"line":230,"column":3}},"line":210},"21":{"name":"(anonymous_21)","decl":{"start":{"line":222,"column":6},"end":{"line":222,"column":7}},"loc":{"start":{"line":222,"column":12},"end":{"line":228,"column":7}},"line":222},"22":{"name":"(anonymous_22)","decl":{"start":{"line":225,"column":19},"end":{"line":225,"column":20}},"loc":{"start":{"line":225,"column":25},"end":{"line":227,"column":9}},"line":225},"23":{"name":"(anonymous_23)","decl":{"start":{"line":232,"column":18},"end":{"line":232,"column":19}},"loc":{"start":{"line":232,"column":25},"end":{"line":251,"column":3}},"line":232},"24":{"name":"(anonymous_24)","decl":{"start":{"line":244,"column":18},"end":{"line":244,"column":19}},"loc":{"start":{"line":244,"column":34},"end":{"line":250,"column":5}},"line":244},"25":{"name":"(anonymous_25)","decl":{"start":{"line":253,"column":22},"end":{"line":253,"column":23}},"loc":{"start":{"line":253,"column":28},"end":{"line":273,"column":3}},"line":253},"26":{"name":"(anonymous_26)","decl":{"start":{"line":269,"column":20},"end":{"line":269,"column":21}},"loc":{"start":{"line":269,"column":29},"end":{"line":269,"column":52}},"line":269},"27":{"name":"(anonymous_27)","decl":{"start":{"line":275,"column":16},"end":{"line":275,"column":17}},"loc":{"start":{"line":275,"column":25},"end":{"line":282,"column":3}},"line":275},"28":{"name":"(anonymous_28)","decl":{"start":{"line":284,"column":23},"end":{"line":284,"column":24}},"loc":{"start":{"line":284,"column":29},"end":{"line":304,"column":3}},"line":284},"29":{"name":"(anonymous_29)","decl":{"start":{"line":306,"column":2},"end":{"line":306,"column":3}},"loc":{"start":{"line":306,"column":11},"end":{"line":417,"column":3}},"line":306},"30":{"name":"(anonymous_30)","decl":{"start":{"line":334,"column":20},"end":{"line":334,"column":21}},"loc":{"start":{"line":334,"column":25},"end":{"line":336,"column":11}},"line":334},"31":{"name":"(anonymous_31)","decl":{"start":{"line":340,"column":22},"end":{"line":340,"column":23}},"loc":{"start":{"line":340,"column":27},"end":{"line":342,"column":13}},"line":340},"32":{"name":"(anonymous_32)","decl":{"start":{"line":362,"column":46},"end":{"line":362,"column":47}},"loc":{"start":{"line":363,"column":18},"end":{"line":371,"column":23}},"line":363},"33":{"name":"(anonymous_33)","decl":{"start":{"line":377,"column":26},"end":{"line":377,"column":27}},"loc":{"start":{"line":377,"column":31},"end":{"line":379,"column":17}},"line":377},"34":{"name":"(anonymous_34)","decl":{"start":{"line":450,"column":13},"end":{"line":450,"column":14}},"loc":{"start":{"line":450,"column":19},"end":{"line":450,"column":21}},"line":450}},"branchMap":{"0":{"loc":{"start":{"line":47,"column":4},"end":{"line":51,"column":5}},"type":"if","locations":[{"start":{"line":47,"column":4},"end":{"line":51,"column":5}},{"start":{"line":47,"column":4},"end":{"line":51,"column":5}}],"line":47},"1":{"loc":{"start":{"line":63,"column":4},"end":{"line":63,"column":39}},"type":"if","locations":[{"start":{"line":63,"column":4},"end":{"line":63,"column":39}},{"start":{"line":63,"column":4},"end":{"line":63,"column":39}}],"line":63},"2":{"loc":{"start":{"line":65,"column":4},"end":{"line":67,"column":5}},"type":"if","locations":[{"start":{"line":65,"column":4},"end":{"line":67,"column":5}},{"start":{"line":65,"column":4},"end":{"line":67,"column":5}}],"line":65},"3":{"loc":{"start":{"line":122,"column":4},"end":{"line":122,"column":41}},"type":"if","locations":[{"start":{"line":122,"column":4},"end":{"line":122,"column":41}},{"start":{"line":122,"column":4},"end":{"line":122,"column":41}}],"line":122},"4":{"loc":{"start":{"line":123,"column":4},"end":{"line":123,"column":44}},"type":"if","locations":[{"start":{"line":123,"column":4},"end":{"line":123,"column":44}},{"start":{"line":123,"column":4},"end":{"line":123,"column":44}}],"line":123},"5":{"loc":{"start":{"line":125,"column":4},"end":{"line":138,"column":5}},"type":"switch","locations":[{"start":{"line":126,"column":6},"end":{"line":127,"column":30}},{"start":{"line":128,"column":6},"end":{"line":129,"column":28}},{"start":{"line":130,"column":6},"end":{"line":131,"column":36}},{"start":{"line":132,"column":6},"end":{"line":133,"column":38}},{"start":{"line":134,"column":6},"end":{"line":135,"column":31}},{"start":{"line":136,"column":6},"end":{"line":137,"column":35}}],"line":125},"6":{"loc":{"start":{"line":151,"column":4},"end":{"line":151,"column":61}},"type":"if","locations":[{"start":{"line":151,"column":4},"end":{"line":151,"column":61}},{"start":{"line":151,"column":4},"end":{"line":151,"column":61}}],"line":151},"7":{"loc":{"start":{"line":154,"column":4},"end":{"line":167,"column":5}},"type":"switch","locations":[{"start":{"line":155,"column":6},"end":{"line":157,"column":14}},{"start":{"line":158,"column":6},"end":{"line":160,"column":14}},{"start":{"line":161,"column":6},"end":{"line":163,"column":14}},{"start":{"line":164,"column":6},"end":{"line":166,"column":14}}],"line":154},"8":{"loc":{"start":{"line":187,"column":4},"end":{"line":187,"column":64}},"type":"if","locations":[{"start":{"line":187,"column":4},"end":{"line":187,"column":64}},{"start":{"line":187,"column":4},"end":{"line":187,"column":64}}],"line":187},"9":{"loc":{"start":{"line":213,"column":4},"end":{"line":215,"column":5}},"type":"if","locations":[{"start":{"line":213,"column":4},"end":{"line":215,"column":5}},{"start":{"line":213,"column":4},"end":{"line":215,"column":5}}],"line":213},"10":{"loc":{"start":{"line":213,"column":8},"end":{"line":213,"column":38}},"type":"binary-expr","locations":[{"start":{"line":213,"column":8},"end":{"line":213,"column":11}},{"start":{"line":213,"column":15},"end":{"line":213,"column":38}}],"line":213},"11":{"loc":{"start":{"line":233,"column":4},"end":{"line":239,"column":5}},"type":"if","locations":[{"start":{"line":233,"column":4},"end":{"line":239,"column":5}},{"start":{"line":233,"column":4},"end":{"line":239,"column":5}}],"line":233},"12":{"loc":{"start":{"line":254,"column":4},"end":{"line":256,"column":5}},"type":"if","locations":[{"start":{"line":254,"column":4},"end":{"line":256,"column":5}},{"start":{"line":254,"column":4},"end":{"line":256,"column":5}}],"line":254},"13":{"loc":{"start":{"line":276,"column":4},"end":{"line":276,"column":38}},"type":"if","locations":[{"start":{"line":276,"column":4},"end":{"line":276,"column":38}},{"start":{"line":276,"column":4},"end":{"line":276,"column":38}}],"line":276},"14":{"loc":{"start":{"line":287,"column":4},"end":{"line":287,"column":36}},"type":"if","locations":[{"start":{"line":287,"column":4},"end":{"line":287,"column":36}},{"start":{"line":287,"column":4},"end":{"line":287,"column":36}}],"line":287},"15":{"loc":{"start":{"line":295,"column":9},"end":{"line":301,"column":9}},"type":"cond-expr","locations":[{"start":{"line":296,"column":10},"end":{"line":296,"column":20}},{"start":{"line":298,"column":10},"end":{"line":300,"column":27}}],"line":295},"16":{"loc":{"start":{"line":318,"column":24},"end":{"line":318,"column":77}},"type":"binary-expr","locations":[{"start":{"line":318,"column":24},"end":{"line":318,"column":51}},{"start":{"line":318,"column":55},"end":{"line":318,"column":77}}],"line":318},"17":{"loc":{"start":{"line":322,"column":4},"end":{"line":322,"column":35}},"type":"if","locations":[{"start":{"line":322,"column":4},"end":{"line":322,"column":35}},{"start":{"line":322,"column":4},"end":{"line":322,"column":35}}],"line":322},"18":{"loc":{"start":{"line":323,"column":4},"end":{"line":323,"column":61}},"type":"if","locations":[{"start":{"line":323,"column":4},"end":{"line":323,"column":61}},{"start":{"line":323,"column":4},"end":{"line":323,"column":61}}],"line":323},"19":{"loc":{"start":{"line":323,"column":8},"end":{"line":323,"column":24}},"type":"binary-expr","locations":[{"start":{"line":323,"column":8},"end":{"line":323,"column":15}},{"start":{"line":323,"column":19},"end":{"line":323,"column":24}}],"line":323},"20":{"loc":{"start":{"line":324,"column":4},"end":{"line":324,"column":34}},"type":"if","locations":[{"start":{"line":324,"column":4},"end":{"line":324,"column":34}},{"start":{"line":324,"column":4},"end":{"line":324,"column":34}}],"line":324},"21":{"loc":{"start":{"line":327,"column":4},"end":{"line":327,"column":41}},"type":"if","locations":[{"start":{"line":327,"column":4},"end":{"line":327,"column":41}},{"start":{"line":327,"column":4},"end":{"line":327,"column":41}}],"line":327},"22":{"loc":{"start":{"line":353,"column":15},"end":{"line":353,"column":52}},"type":"binary-expr","locations":[{"start":{"line":353,"column":15},"end":{"line":353,"column":26}},{"start":{"line":353,"column":30},"end":{"line":353,"column":52}}],"line":353},"23":{"loc":{"start":{"line":384,"column":15},"end":{"line":384,"column":73}},"type":"cond-expr","locations":[{"start":{"line":384,"column":42},"end":{"line":384,"column":66}},{"start":{"line":384,"column":69},"end":{"line":384,"column":73}}],"line":384},"24":{"loc":{"start":{"line":402,"column":28},"end":{"line":402,"column":53}},"type":"binary-expr","locations":[{"start":{"line":402,"column":28},"end":{"line":402,"column":35}},{"start":{"line":402,"column":39},"end":{"line":402,"column":53}}],"line":402}},"s":{"0":1,"1":1,"2":1,"3":1,"4":0,"5":0,"6":0,"7":0,"8":0,"9":0,"10":0,"11":0,"12":0,"13":0,"14":0,"15":0,"16":0,"17":0,"18":3,"19":0,"20":0,"21":0,"22":0,"23":0,"24":0,"25":0,"26":0,"27":0,"28":0,"29":0,"30":0,"31":0,"32":0,"33":0,"34":0,"35":0,"36":0,"37":0,"38":0,"39":0,"40":0,"41":0,"42":0,"43":0,"44":0,"45":0,"46":0,"47":0,"48":0,"49":0,"50":0,"51":0,"52":0,"53":0,"54":0,"55":0,"56":0,"57":0,"58":0,"59":0,"60":0,"61":0,"62":0,"63":0,"64":0,"65":0,"66":0,"67":0,"68":0,"69":0,"70":0,"71":0,"72":0,"73":0,"74":1,"75":0,"76":1,"77":0,"78":0,"79":0,"80":0,"81":0,"82":0,"83":0,"84":0,"85":1,"86":1,"87":1,"88":1,"89":0,"90":1,"91":0,"92":1,"93":0,"94":1,"95":0,"96":1,"97":1,"98":0,"99":0,"100":3,"101":0,"102":1,"103":1,"104":1,"105":1,"106":1,"107":1,"108":1},"f":{"0":1,"1":0,"2":0,"3":0,"4":0,"5":0,"6":0,"7":0,"8":3,"9":0,"10":0,"11":0,"12":0,"13":0,"14":0,"15":0,"16":0,"17":0,"18":0,"19":0,"20":0,"21":0,"22":0,"23":0,"24":0,"25":1,"26":0,"27":0,"28":0,"29":1,"30":0,"31":0,"32":3,"33":0,"34":0},"b":{"0":[0,0],"1":[0,0],"2":[0,0],"3":[0,0],"4":[0,0],"5":[0,0,0,0,0,0],"6":[0,0],"7":[0,0,0,0],"8":[0,0],"9":[0,0],"10":[0,0],"11":[0,0],"12":[0,1],"13":[0,0],"14":[0,0],"15":[0,0],"16":[1,1],"17":[0,1],"18":[0,1],"19":[1,0],"20":[0,1],"21":[0,1],"22":[1,1],"23":[1,0],"24":[1,1]},"_coverageSchema":"332fd63041d2c1bcb487cc26dd0d5f7d97098a6c","hash":"b7392baeb7bdead7e87640cf320b3bbbcbbcb657"}
,"/Users/markmurray/apps/react-slack-feedback/src/slack-icon.js": {"path":"/Users/markmurray/apps/react-slack-feedback/src/slack-icon.js","statementMap":{"0":{"start":{"line":4,"column":2},"end":{"line":50,"column":4}}},"fnMap":{"0":{"name":"SlackIcon","decl":{"start":{"line":3,"column":24},"end":{"line":3,"column":33}},"loc":{"start":{"line":3,"column":36},"end":{"line":51,"column":1}},"line":3}},"branchMap":{},"s":{"0":0},"f":{"0":0},"b":{},"_coverageSchema":"332fd63041d2c1bcb487cc26dd0d5f7d97098a6c","hash":"4c6a903ada68097756f744cb62fdd57ac590c395"}
,"/Users/markmurray/apps/react-slack-feedback/src/styles.js": {"path":"/Users/markmurray/apps/react-slack-feedback/src/styles.js","statementMap":{"0":{"start":{"line":3,"column":14},"end":{"line":11,"column":1}},"1":{"start":{"line":4,"column":17},"end":{"line":4,"column":70}},"2":{"start":{"line":5,"column":2},"end":{"line":10,"column":11}},"3":{"start":{"line":13,"column":15},"end":{"line":18,"column":1}},"4":{"start":{"line":20,"column":19},"end":{"line":23,"column":1}},"5":{"start":{"line":25,"column":17},"end":{"line":35,"column":1}},"6":{"start":{"line":37,"column":33},"end":{"line":40,"column":1}},"7":{"start":{"line":42,"column":20},"end":{"line":53,"column":1}},"8":{"start":{"line":55,"column":36},"end":{"line":58,"column":1}},"9":{"start":{"line":60,"column":13},"end":{"line":67,"column":1}},"10":{"start":{"line":69,"column":22},"end":{"line":92,"column":1}},"11":{"start":{"line":71,"column":22},"end":{"line":71,"column":47}},"12":{"start":{"line":94,"column":15},"end":{"line":114,"column":1}},"13":{"start":{"line":99,"column":21},"end":{"line":99,"column":41}},"14":{"start":{"line":100,"column":23},"end":{"line":100,"column":43}},"15":{"start":{"line":101,"column":24},"end":{"line":101,"column":44}},"16":{"start":{"line":102,"column":22},"end":{"line":102,"column":42}},"17":{"start":{"line":102,"column":57},"end":{"line":102,"column":77}},"18":{"start":{"line":106,"column":16},"end":{"line":106,"column":35}},"19":{"start":{"line":107,"column":17},"end":{"line":107,"column":36}},"20":{"start":{"line":111,"column":18},"end":{"line":111,"column":37}},"21":{"start":{"line":112,"column":19},"end":{"line":112,"column":38}},"22":{"start":{"line":116,"column":18},"end":{"line":133,"column":1}},"23":{"start":{"line":118,"column":21},"end":{"line":118,"column":39}},"24":{"start":{"line":135,"column":15},"end":{"line":159,"column":1}},"25":{"start":{"line":137,"column":21},"end":{"line":137,"column":38}},"26":{"start":{"line":161,"column":16},"end":{"line":163,"column":1}},"27":{"start":{"line":162,"column":18},"end":{"line":162,"column":33}},"28":{"start":{"line":165,"column":13},"end":{"line":167,"column":1}},"29":{"start":{"line":169,"column":16},"end":{"line":197,"column":1}},"30":{"start":{"line":176,"column":21},"end":{"line":176,"column":47}},"31":{"start":{"line":177,"column":16},"end":{"line":177,"column":37}},"32":{"start":{"line":178,"column":27},"end":{"line":178,"column":49}},"33":{"start":{"line":180,"column":18},"end":{"line":180,"column":41}},"34":{"start":{"line":181,"column":24},"end":{"line":181,"column":52}},"35":{"start":{"line":183,"column":20},"end":{"line":183,"column":44}},"36":{"start":{"line":184,"column":21},"end":{"line":184,"column":43}},"37":{"start":{"line":190,"column":18},"end":{"line":190,"column":44}},"38":{"start":{"line":191,"column":25},"end":{"line":191,"column":39}},"39":{"start":{"line":199,"column":13},"end":{"line":240,"column":1}},"40":{"start":{"line":209,"column":18},"end":{"line":209,"column":31}},"41":{"start":{"line":215,"column":29},"end":{"line":215,"column":43}},"42":{"start":{"line":218,"column":27},"end":{"line":218,"column":42}},"43":{"start":{"line":219,"column":25},"end":{"line":219,"column":40}},"44":{"start":{"line":222,"column":41},"end":{"line":222,"column":56}},"45":{"start":{"line":223,"column":38},"end":{"line":223,"column":53}},"46":{"start":{"line":227,"column":38},"end":{"line":227,"column":52}},"47":{"start":{"line":242,"column":20},"end":{"line":246,"column":1}},"48":{"start":{"line":248,"column":21},"end":{"line":266,"column":1}},"49":{"start":{"line":249,"column":27},"end":{"line":249,"column":41}},"50":{"start":{"line":256,"column":23},"end":{"line":256,"column":35}},"51":{"start":{"line":262,"column":36},"end":{"line":262,"column":50}},"52":{"start":{"line":264,"column":25},"end":{"line":264,"column":37}},"53":{"start":{"line":268,"column":14},"end":{"line":273,"column":1}},"54":{"start":{"line":269,"column":16},"end":{"line":269,"column":31}},"55":{"start":{"line":275,"column":20},"end":{"line":300,"column":1}},"56":{"start":{"line":278,"column":16},"end":{"line":278,"column":28}},"57":{"start":{"line":280,"column":16},"end":{"line":280,"column":35}},"58":{"start":{"line":281,"column":27},"end":{"line":281,"column":41}},"59":{"start":{"line":282,"column":24},"end":{"line":282,"column":50}},"60":{"start":{"line":283,"column":18},"end":{"line":283,"column":39}},"61":{"start":{"line":285,"column":20},"end":{"line":285,"column":42}},"62":{"start":{"line":286,"column":21},"end":{"line":286,"column":45}},"63":{"start":{"line":290,"column":29},"end":{"line":290,"column":44}},"64":{"start":{"line":291,"column":36},"end":{"line":291,"column":58}},"65":{"start":{"line":298,"column":18},"end":{"line":298,"column":30}},"66":{"start":{"line":302,"column":17},"end":{"line":312,"column":1}},"67":{"start":{"line":314,"column":22},"end":{"line":325,"column":1}},"68":{"start":{"line":327,"column":21},"end":{"line":364,"column":1}},"69":{"start":{"line":332,"column":21},"end":{"line":332,"column":36}},"70":{"start":{"line":351,"column":23},"end":{"line":351,"column":38}},"71":{"start":{"line":356,"column":23},"end":{"line":356,"column":36}},"72":{"start":{"line":361,"column":31},"end":{"line":361,"column":46}},"73":{"start":{"line":362,"column":42},"end":{"line":362,"column":57}},"74":{"start":{"line":366,"column":23},"end":{"line":394,"column":1}},"75":{"start":{"line":373,"column":26},"end":{"line":373,"column":50}},"76":{"start":{"line":387,"column":28},"end":{"line":387,"column":52}},"77":{"start":{"line":391,"column":25},"end":{"line":391,"column":40}},"78":{"start":{"line":396,"column":21},"end":{"line":411,"column":1}},"79":{"start":{"line":404,"column":27},"end":{"line":404,"column":41}},"80":{"start":{"line":413,"column":15},"end":{"line":419,"column":1}},"81":{"start":{"line":417,"column":29},"end":{"line":417,"column":43}}},"fnMap":{"0":{"name":"(anonymous_0)","decl":{"start":{"line":3,"column":14},"end":{"line":3,"column":15}},"loc":{"start":{"line":3,"column":21},"end":{"line":11,"column":1}},"line":3},"1":{"name":"(anonymous_1)","decl":{"start":{"line":71,"column":17},"end":{"line":71,"column":18}},"loc":{"start":{"line":71,"column":22},"end":{"line":71,"column":47}},"line":71},"2":{"name":"(anonymous_2)","decl":{"start":{"line":99,"column":16},"end":{"line":99,"column":17}},"loc":{"start":{"line":99,"column":21},"end":{"line":99,"column":41}},"line":99},"3":{"name":"(anonymous_3)","decl":{"start":{"line":100,"column":18},"end":{"line":100,"column":19}},"loc":{"start":{"line":100,"column":23},"end":{"line":100,"column":43}},"line":100},"4":{"name":"(anonymous_4)","decl":{"start":{"line":101,"column":19},"end":{"line":101,"column":20}},"loc":{"start":{"line":101,"column":24},"end":{"line":101,"column":44}},"line":101},"5":{"name":"(anonymous_5)","decl":{"start":{"line":102,"column":17},"end":{"line":102,"column":18}},"loc":{"start":{"line":102,"column":22},"end":{"line":102,"column":42}},"line":102},"6":{"name":"(anonymous_6)","decl":{"start":{"line":102,"column":52},"end":{"line":102,"column":53}},"loc":{"start":{"line":102,"column":57},"end":{"line":102,"column":77}},"line":102},"7":{"name":"(anonymous_7)","decl":{"start":{"line":106,"column":11},"end":{"line":106,"column":12}},"loc":{"start":{"line":106,"column":16},"end":{"line":106,"column":35}},"line":106},"8":{"name":"(anonymous_8)","decl":{"start":{"line":107,"column":12},"end":{"line":107,"column":13}},"loc":{"start":{"line":107,"column":17},"end":{"line":107,"column":36}},"line":107},"9":{"name":"(anonymous_9)","decl":{"start":{"line":111,"column":13},"end":{"line":111,"column":14}},"loc":{"start":{"line":111,"column":18},"end":{"line":111,"column":37}},"line":111},"10":{"name":"(anonymous_10)","decl":{"start":{"line":112,"column":14},"end":{"line":112,"column":15}},"loc":{"start":{"line":112,"column":19},"end":{"line":112,"column":38}},"line":112},"11":{"name":"(anonymous_11)","decl":{"start":{"line":118,"column":16},"end":{"line":118,"column":17}},"loc":{"start":{"line":118,"column":21},"end":{"line":118,"column":39}},"line":118},"12":{"name":"(anonymous_12)","decl":{"start":{"line":137,"column":16},"end":{"line":137,"column":17}},"loc":{"start":{"line":137,"column":21},"end":{"line":137,"column":38}},"line":137},"13":{"name":"(anonymous_13)","decl":{"start":{"line":162,"column":13},"end":{"line":162,"column":14}},"loc":{"start":{"line":162,"column":18},"end":{"line":162,"column":33}},"line":162},"14":{"name":"(anonymous_14)","decl":{"start":{"line":176,"column":16},"end":{"line":176,"column":17}},"loc":{"start":{"line":176,"column":21},"end":{"line":176,"column":47}},"line":176},"15":{"name":"(anonymous_15)","decl":{"start":{"line":177,"column":11},"end":{"line":177,"column":12}},"loc":{"start":{"line":177,"column":16},"end":{"line":177,"column":37}},"line":177},"16":{"name":"(anonymous_16)","decl":{"start":{"line":178,"column":22},"end":{"line":178,"column":23}},"loc":{"start":{"line":178,"column":27},"end":{"line":178,"column":49}},"line":178},"17":{"name":"(anonymous_17)","decl":{"start":{"line":180,"column":13},"end":{"line":180,"column":14}},"loc":{"start":{"line":180,"column":18},"end":{"line":180,"column":41}},"line":180},"18":{"name":"(anonymous_18)","decl":{"start":{"line":181,"column":19},"end":{"line":181,"column":20}},"loc":{"start":{"line":181,"column":24},"end":{"line":181,"column":52}},"line":181},"19":{"name":"(anonymous_19)","decl":{"start":{"line":183,"column":15},"end":{"line":183,"column":16}},"loc":{"start":{"line":183,"column":20},"end":{"line":183,"column":44}},"line":183},"20":{"name":"(anonymous_20)","decl":{"start":{"line":184,"column":16},"end":{"line":184,"column":17}},"loc":{"start":{"line":184,"column":21},"end":{"line":184,"column":43}},"line":184},"21":{"name":"(anonymous_21)","decl":{"start":{"line":190,"column":13},"end":{"line":190,"column":14}},"loc":{"start":{"line":190,"column":18},"end":{"line":190,"column":44}},"line":190},"22":{"name":"(anonymous_22)","decl":{"start":{"line":191,"column":20},"end":{"line":191,"column":21}},"loc":{"start":{"line":191,"column":25},"end":{"line":191,"column":39}},"line":191},"23":{"name":"(anonymous_23)","decl":{"start":{"line":209,"column":13},"end":{"line":209,"column":14}},"loc":{"start":{"line":209,"column":18},"end":{"line":209,"column":31}},"line":209},"24":{"name":"(anonymous_24)","decl":{"start":{"line":215,"column":24},"end":{"line":215,"column":25}},"loc":{"start":{"line":215,"column":29},"end":{"line":215,"column":43}},"line":215},"25":{"name":"(anonymous_25)","decl":{"start":{"line":218,"column":22},"end":{"line":218,"column":23}},"loc":{"start":{"line":218,"column":27},"end":{"line":218,"column":42}},"line":218},"26":{"name":"(anonymous_26)","decl":{"start":{"line":219,"column":20},"end":{"line":219,"column":21}},"loc":{"start":{"line":219,"column":25},"end":{"line":219,"column":40}},"line":219},"27":{"name":"(anonymous_27)","decl":{"start":{"line":222,"column":36},"end":{"line":222,"column":37}},"loc":{"start":{"line":222,"column":41},"end":{"line":222,"column":56}},"line":222},"28":{"name":"(anonymous_28)","decl":{"start":{"line":223,"column":33},"end":{"line":223,"column":34}},"loc":{"start":{"line":223,"column":38},"end":{"line":223,"column":53}},"line":223},"29":{"name":"(anonymous_29)","decl":{"start":{"line":227,"column":33},"end":{"line":227,"column":34}},"loc":{"start":{"line":227,"column":38},"end":{"line":227,"column":52}},"line":227},"30":{"name":"(anonymous_30)","decl":{"start":{"line":249,"column":22},"end":{"line":249,"column":23}},"loc":{"start":{"line":249,"column":27},"end":{"line":249,"column":41}},"line":249},"31":{"name":"(anonymous_31)","decl":{"start":{"line":256,"column":18},"end":{"line":256,"column":19}},"loc":{"start":{"line":256,"column":23},"end":{"line":256,"column":35}},"line":256},"32":{"name":"(anonymous_32)","decl":{"start":{"line":262,"column":31},"end":{"line":262,"column":32}},"loc":{"start":{"line":262,"column":36},"end":{"line":262,"column":50}},"line":262},"33":{"name":"(anonymous_33)","decl":{"start":{"line":264,"column":20},"end":{"line":264,"column":21}},"loc":{"start":{"line":264,"column":25},"end":{"line":264,"column":37}},"line":264},"34":{"name":"(anonymous_34)","decl":{"start":{"line":269,"column":11},"end":{"line":269,"column":12}},"loc":{"start":{"line":269,"column":16},"end":{"line":269,"column":31}},"line":269},"35":{"name":"(anonymous_35)","decl":{"start":{"line":278,"column":11},"end":{"line":278,"column":12}},"loc":{"start":{"line":278,"column":16},"end":{"line":278,"column":28}},"line":278},"36":{"name":"(anonymous_36)","decl":{"start":{"line":280,"column":11},"end":{"line":280,"column":12}},"loc":{"start":{"line":280,"column":16},"end":{"line":280,"column":35}},"line":280},"37":{"name":"(anonymous_37)","decl":{"start":{"line":281,"column":22},"end":{"line":281,"column":23}},"loc":{"start":{"line":281,"column":27},"end":{"line":281,"column":41}},"line":281},"38":{"name":"(anonymous_38)","decl":{"start":{"line":282,"column":19},"end":{"line":282,"column":20}},"loc":{"start":{"line":282,"column":24},"end":{"line":282,"column":50}},"line":282},"39":{"name":"(anonymous_39)","decl":{"start":{"line":283,"column":13},"end":{"line":283,"column":14}},"loc":{"start":{"line":283,"column":18},"end":{"line":283,"column":39}},"line":283},"40":{"name":"(anonymous_40)","decl":{"start":{"line":285,"column":15},"end":{"line":285,"column":16}},"loc":{"start":{"line":285,"column":20},"end":{"line":285,"column":42}},"line":285},"41":{"name":"(anonymous_41)","decl":{"start":{"line":286,"column":16},"end":{"line":286,"column":17}},"loc":{"start":{"line":286,"column":21},"end":{"line":286,"column":45}},"line":286},"42":{"name":"(anonymous_42)","decl":{"start":{"line":290,"column":24},"end":{"line":290,"column":25}},"loc":{"start":{"line":290,"column":29},"end":{"line":290,"column":44}},"line":290},"43":{"name":"(anonymous_43)","decl":{"start":{"line":291,"column":31},"end":{"line":291,"column":32}},"loc":{"start":{"line":291,"column":36},"end":{"line":291,"column":58}},"line":291},"44":{"name":"(anonymous_44)","decl":{"start":{"line":298,"column":13},"end":{"line":298,"column":14}},"loc":{"start":{"line":298,"column":18},"end":{"line":298,"column":30}},"line":298},"45":{"name":"(anonymous_45)","decl":{"start":{"line":332,"column":16},"end":{"line":332,"column":17}},"loc":{"start":{"line":332,"column":21},"end":{"line":332,"column":36}},"line":332},"46":{"name":"(anonymous_46)","decl":{"start":{"line":351,"column":18},"end":{"line":351,"column":19}},"loc":{"start":{"line":351,"column":23},"end":{"line":351,"column":38}},"line":351},"47":{"name":"(anonymous_47)","decl":{"start":{"line":356,"column":18},"end":{"line":356,"column":19}},"loc":{"start":{"line":356,"column":23},"end":{"line":356,"column":36}},"line":356},"48":{"name":"(anonymous_48)","decl":{"start":{"line":361,"column":26},"end":{"line":361,"column":27}},"loc":{"start":{"line":361,"column":31},"end":{"line":361,"column":46}},"line":361},"49":{"name":"(anonymous_49)","decl":{"start":{"line":362,"column":37},"end":{"line":362,"column":38}},"loc":{"start":{"line":362,"column":42},"end":{"line":362,"column":57}},"line":362},"50":{"name":"(anonymous_50)","decl":{"start":{"line":373,"column":21},"end":{"line":373,"column":22}},"loc":{"start":{"line":373,"column":26},"end":{"line":373,"column":50}},"line":373},"51":{"name":"(anonymous_51)","decl":{"start":{"line":387,"column":23},"end":{"line":387,"column":24}},"loc":{"start":{"line":387,"column":28},"end":{"line":387,"column":52}},"line":387},"52":{"name":"(anonymous_52)","decl":{"start":{"line":391,"column":20},"end":{"line":391,"column":21}},"loc":{"start":{"line":391,"column":25},"end":{"line":391,"column":40}},"line":391},"53":{"name":"(anonymous_53)","decl":{"start":{"line":404,"column":22},"end":{"line":404,"column":23}},"loc":{"start":{"line":404,"column":27},"end":{"line":404,"column":41}},"line":404},"54":{"name":"(anonymous_54)","decl":{"start":{"line":417,"column":24},"end":{"line":417,"column":25}},"loc":{"start":{"line":417,"column":29},"end":{"line":417,"column":43}},"line":417}},"branchMap":{"0":{"loc":{"start":{"line":5,"column":9},"end":{"line":10,"column":10}},"type":"cond-expr","locations":[{"start":{"line":6,"column":6},"end":{"line":9,"column":9}},{"start":{"line":10,"column":6},"end":{"line":10,"column":10}}],"line":5},"1":{"loc":{"start":{"line":71,"column":22},"end":{"line":71,"column":47}},"type":"binary-expr","locations":[{"start":{"line":71,"column":22},"end":{"line":71,"column":34}},{"start":{"line":71,"column":38},"end":{"line":71,"column":47}}],"line":71}},"s":{"0":1,"1":1,"2":1,"3":1,"4":1,"5":1,"6":1,"7":1,"8":1,"9":1,"10":1,"11":0,"12":1,"13":0,"14":0,"15":0,"16":0,"17":0,"18":0,"19":0,"20":0,"21":0,"22":1,"23":0,"24":1,"25":0,"26":1,"27":0,"28":1,"29":1,"30":0,"31":0,"32":0,"33":0,"34":0,"35":0,"36":0,"37":0,"38":0,"39":1,"40":0,"41":0,"42":0,"43":0,"44":0,"45":0,"46":0,"47":1,"48":1,"49":0,"50":0,"51":0,"52":0,"53":1,"54":0,"55":1,"56":0,"57":0,"58":0,"59":0,"60":0,"61":0,"62":0,"63":0,"64":0,"65":0,"66":1,"67":1,"68":1,"69":0,"70":0,"71":0,"72":0,"73":0,"74":1,"75":0,"76":0,"77":0,"78":1,"79":0,"80":1,"81":0},"f":{"0":1,"1":0,"2":0,"3":0,"4":0,"5":0,"6":0,"7":0,"8":0,"9":0,"10":0,"11":0,"12":0,"13":0,"14":0,"15":0,"16":0,"17":0,"18":0,"19":0,"20":0,"21":0,"22":0,"23":0,"24":0,"25":0,"26":0,"27":0,"28":0,"29":0,"30":0,"31":0,"32":0,"33":0,"34":0,"35":0,"36":0,"37":0,"38":0,"39":0,"40":0,"41":0,"42":0,"43":0,"44":0,"45":0,"46":0,"47":0,"48":0,"49":0,"50":0,"51":0,"52":0,"53":0,"54":0},"b":{"0":[1,0],"1":[0,0]},"_coverageSchema":"332fd63041d2c1bcb487cc26dd0d5f7d97098a6c","hash":"18813613c4c5ebe146a0d4e868c3f48f7c71cf79"}
,"/Users/markmurray/apps/react-slack-feedback/src/theme.js": {"path":"/Users/markmurray/apps/react-slack-feedback/src/theme.js","statementMap":{},"fnMap":{},"branchMap":{},"s":{},"f":{},"b":{},"_coverageSchema":"332fd63041d2c1bcb487cc26dd0d5f7d97098a6c","hash":"081fc82e12021585d10754cf432a014fcd424c5d"}
}
