TN:
SF:/Users/markmurray/apps/react-slack-feedback/src/feedback.js
FN:32,(anonymous_0)
FN:46,(anonymous_1)
FN:54,(anonymous_2)
FN:55,(anonymous_3)
FN:62,(anonymous_4)
FN:70,(anonymous_5)
FN:78,(anonymous_6)
FN:79,(anonymous_7)
FN:84,(anonymous_8)
FN:84,(anonymous_9)
FN:90,(anonymous_10)
FN:98,(anonymous_11)
FN:100,(anonymous_12)
FN:107,(anonymous_13)
FN:113,(anonymous_14)
FN:114,(anonymous_15)
FN:121,(anonymous_16)
FN:141,(anonymous_17)
FN:193,(anonymous_18)
FN:204,(anonymous_19)
FN:210,(anonymous_20)
FN:222,(anonymous_21)
FN:225,(anonymous_22)
FN:232,(anonymous_23)
FN:244,(anonymous_24)
FN:253,(anonymous_25)
FN:269,(anonymous_26)
FN:275,(anonymous_27)
FN:284,(anonymous_28)
FN:306,(anonymous_29)
FN:334,(anonymous_30)
FN:340,(anonymous_31)
FN:362,(anonymous_32)
FN:377,(anonymous_33)
FN:450,(anonymous_34)
FNF:35
FNH:5
FNDA:1,(anonymous_0)
FNDA:0,(anonymous_1)
FNDA:0,(anonymous_2)
FNDA:0,(anonymous_3)
FNDA:0,(anonymous_4)
FNDA:0,(anonymous_5)
FNDA:0,(anonymous_6)
FNDA:0,(anonymous_7)
FNDA:3,(anonymous_8)
FNDA:0,(anonymous_9)
FNDA:0,(anonymous_10)
FNDA:0,(anonymous_11)
FNDA:0,(anonymous_12)
FNDA:0,(anonymous_13)
FNDA:0,(anonymous_14)
FNDA:0,(anonymous_15)
FNDA:0,(anonymous_16)
FNDA:0,(anonymous_17)
FNDA:0,(anonymous_18)
FNDA:0,(anonymous_19)
FNDA:0,(anonymous_20)
FNDA:0,(anonymous_21)
FNDA:0,(anonymous_22)
FNDA:0,(anonymous_23)
FNDA:0,(anonymous_24)
FNDA:1,(anonymous_25)
FNDA:0,(anonymous_26)
FNDA:0,(anonymous_27)
FNDA:0,(anonymous_28)
FNDA:1,(anonymous_29)
FNDA:0,(anonymous_30)
FNDA:0,(anonymous_31)
FNDA:3,(anonymous_32)
FNDA:0,(anonymous_33)
FNDA:0,(anonymous_34)
DA:28,1
DA:29,1
DA:33,1
DA:35,1
DA:47,0
DA:48,0
DA:50,0
DA:55,0
DA:59,0
DA:63,0
DA:65,0
DA:66,0
DA:71,0
DA:75,0
DA:79,0
DA:84,3
DA:85,0
DA:91,0
DA:99,0
DA:100,0
DA:101,0
DA:108,0
DA:114,0
DA:115,0
DA:122,0
DA:123,0
DA:125,0
DA:127,0
DA:129,0
DA:131,0
DA:133,0
DA:135,0
DA:137,0
DA:142,0
DA:143,0
DA:146,0
DA:151,0
DA:154,0
DA:156,0
DA:157,0
DA:159,0
DA:160,0
DA:162,0
DA:163,0
DA:165,0
DA:166,0
DA:169,0
DA:187,0
DA:190,0
DA:194,0
DA:196,0
DA:197,0
DA:199,0
DA:205,0
DA:211,0
DA:213,0
DA:214,0
DA:217,0
DA:223,0
DA:225,0
DA:226,0
DA:233,0
DA:234,0
DA:237,0
DA:238,0
DA:244,0
DA:254,1
DA:255,0
DA:258,1
DA:269,0
DA:276,0
DA:278,0
DA:285,0
DA:287,0
DA:289,0
DA:315,1
DA:318,1
DA:320,1
DA:322,1
DA:323,1
DA:324,1
DA:327,1
DA:329,1
DA:331,1
DA:335,0
DA:341,0
DA:363,3
DA:378,0
DA:420,1
DA:426,1
DA:450,1
DA:453,1
DA:459,1
DA:464,1
DA:482,1
LF:95
LH:24
BRDA:47,0,0,0
BRDA:47,0,1,0
BRDA:63,1,0,0
BRDA:63,1,1,0
BRDA:65,2,0,0
BRDA:65,2,1,0
BRDA:122,3,0,0
BRDA:122,3,1,0
BRDA:123,4,0,0
BRDA:123,4,1,0
BRDA:125,5,0,0
BRDA:125,5,1,0
BRDA:125,5,2,0
BRDA:125,5,3,0
BRDA:125,5,4,0
BRDA:125,5,5,0
BRDA:151,6,0,0
BRDA:151,6,1,0
BRDA:154,7,0,0
BRDA:154,7,1,0
BRDA:154,7,2,0
BRDA:154,7,3,0
BRDA:187,8,0,0
BRDA:187,8,1,0
BRDA:213,9,0,0
BRDA:213,9,1,0
BRDA:213,10,0,0
BRDA:213,10,1,0
BRDA:233,11,0,0
BRDA:233,11,1,0
BRDA:254,12,0,0
BRDA:254,12,1,1
BRDA:276,13,0,0
BRDA:276,13,1,0
BRDA:287,14,0,0
BRDA:287,14,1,0
BRDA:295,15,0,0
BRDA:295,15,1,0
BRDA:318,16,0,1
BRDA:318,16,1,1
BRDA:322,17,0,0
BRDA:322,17,1,1
BRDA:323,18,0,0
BRDA:323,18,1,1
BRDA:323,19,0,1
BRDA:323,19,1,0
BRDA:324,20,0,0
BRDA:324,20,1,1
BRDA:327,21,0,0
BRDA:327,21,1,1
BRDA:353,22,0,1
BRDA:353,22,1,1
BRDA:384,23,0,1
BRDA:384,23,1,0
BRDA:402,24,0,1
BRDA:402,24,1,1
BRF:56
BRH:13
end_of_record
TN:
SF:/Users/markmurray/apps/react-slack-feedback/src/slack-icon.js
FN:3,SlackIcon
FNF:1
FNH:0
FNDA:0,SlackIcon
DA:4,0
LF:1
LH:0
BRF:0
BRH:0
end_of_record
TN:
SF:/Users/markmurray/apps/react-slack-feedback/src/styles.js
FN:3,(anonymous_0)
FN:71,(anonymous_1)
FN:99,(anonymous_2)
FN:100,(anonymous_3)
FN:101,(anonymous_4)
FN:102,(anonymous_5)
FN:102,(anonymous_6)
FN:106,(anonymous_7)
FN:107,(anonymous_8)
FN:111,(anonymous_9)
FN:112,(anonymous_10)
FN:118,(anonymous_11)
FN:137,(anonymous_12)
FN:162,(anonymous_13)
FN:176,(anonymous_14)
FN:177,(anonymous_15)
FN:178,(anonymous_16)
FN:180,(anonymous_17)
FN:181,(anonymous_18)
FN:183,(anonymous_19)
FN:184,(anonymous_20)
FN:190,(anonymous_21)
FN:191,(anonymous_22)
FN:209,(anonymous_23)
FN:215,(anonymous_24)
FN:218,(anonymous_25)
FN:219,(anonymous_26)
FN:222,(anonymous_27)
FN:223,(anonymous_28)
FN:227,(anonymous_29)
FN:249,(anonymous_30)
FN:256,(anonymous_31)
FN:262,(anonymous_32)
FN:264,(anonymous_33)
FN:269,(anonymous_34)
FN:278,(anonymous_35)
FN:280,(anonymous_36)
FN:281,(anonymous_37)
FN:282,(anonymous_38)
FN:283,(anonymous_39)
FN:285,(anonymous_40)
FN:286,(anonymous_41)
FN:290,(anonymous_42)
FN:291,(anonymous_43)
FN:298,(anonymous_44)
FN:332,(anonymous_45)
FN:351,(anonymous_46)
FN:356,(anonymous_47)
FN:361,(anonymous_48)
FN:362,(anonymous_49)
FN:373,(anonymous_50)
FN:387,(anonymous_51)
FN:391,(anonymous_52)
FN:404,(anonymous_53)
FN:417,(anonymous_54)
FNF:55
FNH:1
FNDA:1,(anonymous_0)
FNDA:0,(anonymous_1)
FNDA:0,(anonymous_2)
FNDA:0,(anonymous_3)
FNDA:0,(anonymous_4)
FNDA:0,(anonymous_5)
FNDA:0,(anonymous_6)
FNDA:0,(anonymous_7)
FNDA:0,(anonymous_8)
FNDA:0,(anonymous_9)
FNDA:0,(anonymous_10)
FNDA:0,(anonymous_11)
FNDA:0,(anonymous_12)
FNDA:0,(anonymous_13)
FNDA:0,(anonymous_14)
FNDA:0,(anonymous_15)
FNDA:0,(anonymous_16)
FNDA:0,(anonymous_17)
FNDA:0,(anonymous_18)
FNDA:0,(anonymous_19)
FNDA:0,(anonymous_20)
FNDA:0,(anonymous_21)
FNDA:0,(anonymous_22)
FNDA:0,(anonymous_23)
FNDA:0,(anonymous_24)
FNDA:0,(anonymous_25)
FNDA:0,(anonymous_26)
FNDA:0,(anonymous_27)
FNDA:0,(anonymous_28)
FNDA:0,(anonymous_29)
FNDA:0,(anonymous_30)
FNDA:0,(anonymous_31)
FNDA:0,(anonymous_32)
FNDA:0,(anonymous_33)
FNDA:0,(anonymous_34)
FNDA:0,(anonymous_35)
FNDA:0,(anonymous_36)
FNDA:0,(anonymous_37)
FNDA:0,(anonymous_38)
FNDA:0,(anonymous_39)
FNDA:0,(anonymous_40)
FNDA:0,(anonymous_41)
FNDA:0,(anonymous_42)
FNDA:0,(anonymous_43)
FNDA:0,(anonymous_44)
FNDA:0,(anonymous_45)
FNDA:0,(anonymous_46)
FNDA:0,(anonymous_47)
FNDA:0,(anonymous_48)
FNDA:0,(anonymous_49)
FNDA:0,(anonymous_50)
FNDA:0,(anonymous_51)
FNDA:0,(anonymous_52)
FNDA:0,(anonymous_53)
FNDA:0,(anonymous_54)
DA:3,1
DA:4,1
DA:5,1
DA:13,1
DA:20,1
DA:25,1
DA:37,1
DA:42,1
DA:55,1
DA:60,1
DA:69,1
DA:71,0
DA:94,1
DA:99,0
DA:100,0
DA:101,0
DA:102,0
DA:106,0
DA:107,0
DA:111,0
DA:112,0
DA:116,1
DA:118,0
DA:135,1
DA:137,0
DA:161,1
DA:162,0
DA:165,1
DA:169,1
DA:176,0
DA:177,0
DA:178,0
DA:180,0
DA:181,0
DA:183,0
DA:184,0
DA:190,0
DA:191,0
DA:199,1
DA:209,0
DA:215,0
DA:218,0
DA:219,0
DA:222,0
DA:223,0
DA:227,0
DA:242,1
DA:248,1
DA:249,0
DA:256,0
DA:262,0
DA:264,0
DA:268,1
DA:269,0
DA:275,1
DA:278,0
DA:280,0
DA:281,0
DA:282,0
DA:283,0
DA:285,0
DA:286,0
DA:290,0
DA:291,0
DA:298,0
DA:302,1
DA:314,1
DA:327,1
DA:332,0
DA:351,0
DA:356,0
DA:361,0
DA:362,0
DA:366,1
DA:373,0
DA:387,0
DA:391,0
DA:396,1
DA:404,0
DA:413,1
DA:417,0
LF:81
LH:28
BRDA:5,0,0,1
BRDA:5,0,1,0
BRDA:71,1,0,0
BRDA:71,1,1,0
BRF:4
BRH:1
end_of_record
TN:
SF:/Users/markmurray/apps/react-slack-feedback/src/theme.js
FNF:0
FNH:0
LF:0
LH:0
BRF:0
BRH:0
end_of_record
