TN:
SF:/Users/markmurray/apps/react-slack-feedback/src/feedback.js
FN:32,(anonymous_0)
FN:48,(anonymous_1)
FN:48,(anonymous_2)
FN:53,(anonymous_3)
FN:61,(anonymous_4)
FN:63,(anonymous_5)
FN:72,(anonymous_6)
FN:80,(anonymous_7)
FN:85,(anonymous_8)
FN:93,(anonymous_9)
FN:94,(anonymous_10)
FN:99,(anonymous_11)
FN:99,(anonymous_12)
FN:104,(anonymous_13)
FN:112,(anonymous_14)
FN:114,(anonymous_15)
FN:121,(anonymous_16)
FN:127,(anonymous_17)
FN:128,(anonymous_18)
FN:134,(anonymous_19)
FN:154,(anonymous_20)
FN:204,(anonymous_21)
FN:215,(anonymous_22)
FN:221,(anonymous_23)
FN:233,(anonymous_24)
FN:236,(anonymous_25)
FN:243,(anonymous_26)
FN:255,(anonymous_27)
FN:264,(anonymous_28)
FN:280,(anonymous_29)
FN:286,(anonymous_30)
FN:295,(anonymous_31)
FN:317,(anonymous_32)
FN:345,(anonymous_33)
FN:351,(anonymous_34)
FN:373,(anonymous_35)
FN:464,(anonymous_36)
FNF:37
FNH:16
FNDA:2,(anonymous_0)
FNDA:17,(anonymous_1)
FNDA:1,(anonymous_2)
FNDA:1,(anonymous_3)
FNDA:1,(anonymous_4)
FNDA:1,(anonymous_5)
FNDA:0,(anonymous_6)
FNDA:1,(anonymous_7)
FNDA:1,(anonymous_8)
FNDA:1,(anonymous_9)
FNDA:1,(anonymous_10)
FNDA:51,(anonymous_11)
FNDA:0,(anonymous_12)
FNDA:0,(anonymous_13)
FNDA:0,(anonymous_14)
FNDA:0,(anonymous_15)
FNDA:0,(anonymous_16)
FNDA:0,(anonymous_17)
FNDA:0,(anonymous_18)
FNDA:3,(anonymous_19)
FNDA:3,(anonymous_20)
FNDA:0,(anonymous_21)
FNDA:0,(anonymous_22)
FNDA:0,(anonymous_23)
FNDA:0,(anonymous_24)
FNDA:0,(anonymous_25)
FNDA:0,(anonymous_26)
FNDA:0,(anonymous_27)
FNDA:17,(anonymous_28)
FNDA:0,(anonymous_29)
FNDA:0,(anonymous_30)
FNDA:0,(anonymous_31)
FNDA:19,(anonymous_32)
FNDA:0,(anonymous_33)
FNDA:0,(anonymous_34)
FNDA:51,(anonymous_35)
FNDA:0,(anonymous_36)
DA:28,1
DA:29,1
DA:33,2
DA:35,2
DA:48,17
DA:49,1
DA:54,1
DA:55,0
DA:57,1
DA:62,1
DA:63,1
DA:69,1
DA:73,0
DA:75,0
DA:76,0
DA:81,1
DA:86,1
DA:90,1
DA:94,1
DA:99,51
DA:100,0
DA:105,0
DA:113,0
DA:114,0
DA:115,0
DA:122,0
DA:128,0
DA:129,0
DA:135,3
DA:136,2
DA:138,1
DA:140,1
DA:142,0
DA:144,0
DA:146,0
DA:148,0
DA:150,0
DA:155,3
DA:156,3
DA:159,3
DA:162,3
DA:165,3
DA:167,3
DA:168,3
DA:170,0
DA:171,0
DA:173,0
DA:174,0
DA:176,0
DA:177,0
DA:180,3
DA:198,3
DA:201,3
DA:205,0
DA:207,0
DA:208,0
DA:210,0
DA:216,0
DA:222,0
DA:224,0
DA:225,0
DA:228,0
DA:234,0
DA:236,0
DA:237,0
DA:244,0
DA:245,0
DA:248,0
DA:249,0
DA:255,0
DA:265,17
DA:266,0
DA:269,17
DA:280,0
DA:287,0
DA:289,0
DA:296,0
DA:298,0
DA:300,0
DA:326,19
DA:329,19
DA:331,19
DA:333,19
DA:334,19
DA:335,19
DA:338,19
DA:340,17
DA:342,17
DA:346,0
DA:352,0
DA:374,51
DA:431,1
DA:437,1
DA:464,1
DA:467,1
DA:473,1
DA:478,1
DA:497,1
DA:498,1
LF:99
LH:50
BRDA:42,0,0,2
BRDA:42,0,1,2
BRDA:54,1,0,0
BRDA:54,1,1,1
BRDA:73,2,0,0
BRDA:73,2,1,0
BRDA:75,3,0,0
BRDA:75,3,1,0
BRDA:135,4,0,1
BRDA:135,4,1,2
BRDA:136,5,0,1
BRDA:136,5,1,1
BRDA:138,6,0,1
BRDA:138,6,1,0
BRDA:138,6,2,0
BRDA:138,6,3,0
BRDA:138,6,4,0
BRDA:138,6,5,0
BRDA:162,7,0,2
BRDA:162,7,1,1
BRDA:165,8,0,3
BRDA:165,8,1,0
BRDA:165,8,2,0
BRDA:165,8,3,0
BRDA:198,9,0,0
BRDA:198,9,1,3
BRDA:224,10,0,0
BRDA:224,10,1,0
BRDA:224,11,0,0
BRDA:224,11,1,0
BRDA:244,12,0,0
BRDA:244,12,1,0
BRDA:265,13,0,0
BRDA:265,13,1,17
BRDA:287,14,0,0
BRDA:287,14,1,0
BRDA:298,15,0,0
BRDA:298,15,1,0
BRDA:306,16,0,0
BRDA:306,16,1,0
BRDA:329,17,0,19
BRDA:329,17,1,19
BRDA:333,18,0,0
BRDA:333,18,1,19
BRDA:334,19,0,8
BRDA:334,19,1,11
BRDA:334,20,0,19
BRDA:334,20,1,8
BRDA:335,21,0,0
BRDA:335,21,1,19
BRDA:338,22,0,2
BRDA:338,22,1,17
BRDA:364,23,0,17
BRDA:364,23,1,16
BRDA:395,24,0,17
BRDA:395,24,1,0
BRDA:410,25,0,17
BRDA:410,25,1,9
BRDA:410,25,2,9
BRF:59
BRH:29
end_of_record
TN:
SF:/Users/markmurray/apps/react-slack-feedback/src/slack-icon.js
FN:3,SlackIcon
FNF:1
FNH:0
FNDA:0,SlackIcon
DA:4,0
LF:1
LH:0
BRF:0
BRH:0
end_of_record
TN:
SF:/Users/markmurray/apps/react-slack-feedback/src/styles.js
FN:3,(anonymous_0)
FN:71,(anonymous_1)
FN:99,(anonymous_2)
FN:100,(anonymous_3)
FN:101,(anonymous_4)
FN:102,(anonymous_5)
FN:102,(anonymous_6)
FN:106,(anonymous_7)
FN:107,(anonymous_8)
FN:111,(anonymous_9)
FN:112,(anonymous_10)
FN:118,(anonymous_11)
FN:137,(anonymous_12)
FN:162,(anonymous_13)
FN:176,(anonymous_14)
FN:177,(anonymous_15)
FN:178,(anonymous_16)
FN:180,(anonymous_17)
FN:181,(anonymous_18)
FN:183,(anonymous_19)
FN:184,(anonymous_20)
FN:190,(anonymous_21)
FN:191,(anonymous_22)
FN:209,(anonymous_23)
FN:215,(anonymous_24)
FN:218,(anonymous_25)
FN:219,(anonymous_26)
FN:222,(anonymous_27)
FN:223,(anonymous_28)
FN:227,(anonymous_29)
FN:249,(anonymous_30)
FN:256,(anonymous_31)
FN:262,(anonymous_32)
FN:264,(anonymous_33)
FN:269,(anonymous_34)
FN:278,(anonymous_35)
FN:280,(anonymous_36)
FN:281,(anonymous_37)
FN:282,(anonymous_38)
FN:283,(anonymous_39)
FN:285,(anonymous_40)
FN:286,(anonymous_41)
FN:290,(anonymous_42)
FN:291,(anonymous_43)
FN:298,(anonymous_44)
FN:332,(anonymous_45)
FN:351,(anonymous_46)
FN:356,(anonymous_47)
FN:361,(anonymous_48)
FN:362,(anonymous_49)
FN:373,(anonymous_50)
FN:387,(anonymous_51)
FN:391,(anonymous_52)
FN:404,(anonymous_53)
FN:417,(anonymous_54)
FNF:55
FNH:1
FNDA:1,(anonymous_0)
FNDA:0,(anonymous_1)
FNDA:0,(anonymous_2)
FNDA:0,(anonymous_3)
FNDA:0,(anonymous_4)
FNDA:0,(anonymous_5)
FNDA:0,(anonymous_6)
FNDA:0,(anonymous_7)
FNDA:0,(anonymous_8)
FNDA:0,(anonymous_9)
FNDA:0,(anonymous_10)
FNDA:0,(anonymous_11)
FNDA:0,(anonymous_12)
FNDA:0,(anonymous_13)
FNDA:0,(anonymous_14)
FNDA:0,(anonymous_15)
FNDA:0,(anonymous_16)
FNDA:0,(anonymous_17)
FNDA:0,(anonymous_18)
FNDA:0,(anonymous_19)
FNDA:0,(anonymous_20)
FNDA:0,(anonymous_21)
FNDA:0,(anonymous_22)
FNDA:0,(anonymous_23)
FNDA:0,(anonymous_24)
FNDA:0,(anonymous_25)
FNDA:0,(anonymous_26)
FNDA:0,(anonymous_27)
FNDA:0,(anonymous_28)
FNDA:0,(anonymous_29)
FNDA:0,(anonymous_30)
FNDA:0,(anonymous_31)
FNDA:0,(anonymous_32)
FNDA:0,(anonymous_33)
FNDA:0,(anonymous_34)
FNDA:0,(anonymous_35)
FNDA:0,(anonymous_36)
FNDA:0,(anonymous_37)
FNDA:0,(anonymous_38)
FNDA:0,(anonymous_39)
FNDA:0,(anonymous_40)
FNDA:0,(anonymous_41)
FNDA:0,(anonymous_42)
FNDA:0,(anonymous_43)
FNDA:0,(anonymous_44)
FNDA:0,(anonymous_45)
FNDA:0,(anonymous_46)
FNDA:0,(anonymous_47)
FNDA:0,(anonymous_48)
FNDA:0,(anonymous_49)
FNDA:0,(anonymous_50)
FNDA:0,(anonymous_51)
FNDA:0,(anonymous_52)
FNDA:0,(anonymous_53)
FNDA:0,(anonymous_54)
DA:3,1
DA:4,1
DA:5,1
DA:13,1
DA:20,1
DA:25,1
DA:37,1
DA:42,1
DA:55,1
DA:60,1
DA:69,1
DA:71,0
DA:94,1
DA:99,0
DA:100,0
DA:101,0
DA:102,0
DA:106,0
DA:107,0
DA:111,0
DA:112,0
DA:116,1
DA:118,0
DA:135,1
DA:137,0
DA:161,1
DA:162,0
DA:165,1
DA:169,1
DA:176,0
DA:177,0
DA:178,0
DA:180,0
DA:181,0
DA:183,0
DA:184,0
DA:190,0
DA:191,0
DA:199,1
DA:209,0
DA:215,0
DA:218,0
DA:219,0
DA:222,0
DA:223,0
DA:227,0
DA:242,1
DA:248,1
DA:249,0
DA:256,0
DA:262,0
DA:264,0
DA:268,1
DA:269,0
DA:275,1
DA:278,0
DA:280,0
DA:281,0
DA:282,0
DA:283,0
DA:285,0
DA:286,0
DA:290,0
DA:291,0
DA:298,0
DA:302,1
DA:314,1
DA:327,1
DA:332,0
DA:351,0
DA:356,0
DA:361,0
DA:362,0
DA:366,1
DA:373,0
DA:387,0
DA:391,0
DA:396,1
DA:404,0
DA:413,1
DA:417,0
LF:81
LH:28
BRDA:5,0,0,1
BRDA:5,0,1,0
BRDA:71,1,0,0
BRDA:71,1,1,0
BRF:4
BRH:1
end_of_record
TN:
SF:/Users/markmurray/apps/react-slack-feedback/src/theme.js
FNF:0
FNH:0
LF:0
LH:0
BRF:0
BRH:0
end_of_record
